<?xml version="1.0"?>
<!--Phoronix Test Suite v10.8.3-->
<PhoronixTestSuite>
  <TestInformation>
    <Title>Isabelle</Title>
    <AppVersion>Isabelle2022-1</AppVersion>
    <Description>Isabelle running HOL Analysis</Description>
    <ResultScale>Seconds</ResultScale>
    <Proportion>LIB</Proportion>
    <SubTitle>Isabelle HOL Analysis</SubTitle>
    <Executable>./benchmark_pts.sh</Executable>
    <TimesToRun>3</TimesToRun>
  </TestInformation>
  <TestProfile>
    <Version>1.0.0</Version>
    <SupportedPlatforms>Linux,Windows,MacOSX</SupportedPlatforms>
    <SoftwareType>Scientific</SoftwareType>
    <TestType>Processor</TestType>
    <License>Free</License>
    <Status>Unverified</Status>
    <SupportedArchitectures>x86_64,aarch64</SupportedArchitectures>
    <ExternalDependencies></ExternalDependencies>
    <EnvironmentSize>3200</EnvironmentSize>
    <ProjectURL>https://isabelle.in.tum.de/index.html</ProjectURL>
    <RepositoryURL></RepositoryURL>
    <Maintainer>Vincent Bode</Maintainer>
    <SystemDependencies></SystemDependencies>
  </TestProfile>
  <TestSettings>
    <Default>
      <Arguments></Arguments>
      <PostArguments></PostArguments>
    </Default>
    <Option>
      <DisplayName>Threads</DisplayName>
      <Identifier>threads</Identifier>
      <ArgumentPrefix>--threads</ArgumentPrefix>
      <ArgumentPostfix></ArgumentPostfix>
      <DefaultEntry>4</DefaultEntry>
      <Message>The number of threads to use for running analysis. Recommended &lt;= 32 and &lt;= num cores available</Message>
      <Menu>
        <Entry>
          <Name>Threads</Name>
          <Value></Value>
          <Message>The number of threads to use for running analysis. Recommended &lt;= 32 and &lt;= num cores available</Message>
        </Entry>
      </Menu>
    </Option>
  </TestSettings>
</PhoronixTestSuite>
