<?xml version="1.0"?>
<!--Phoronix Test Suite v10.8.3-->
<PhoronixTestSuite>
  <TestInformation>
    <Title>Isabelle</Title>
    <AppVersion>Isabelle2022</AppVersion>
    <Description>Isabelle running different theorem sets.</Description>
    <ResultScale>Seconds</ResultScale>
    <Proportion>LIB</Proportion>
    <SubTitle>Isabelle HOL Analysis</SubTitle>
    <Executable>benchmark_pts.sh</Executable>
    <TimesToRun>3</TimesToRun>
  </TestInformation>
  <TestProfile>
    <Version>1.3.0</Version>
    <SupportedPlatforms>Linux,Windows,MacOSX</SupportedPlatforms>
    <SoftwareType>Scientific</SoftwareType>
    <TestType>Processor</TestType>
    <License>Free</License>
    <Status>Unverified</Status>
    <SupportedArchitectures>x86_64,aarch64</SupportedArchitectures>
    <ExternalDependencies></ExternalDependencies>
    <EnvironmentSize>3200</EnvironmentSize>
    <ProjectURL>https://isabelle.in.tum.de/index.html</ProjectURL>
    <RepositoryURL>https://isabelle.in.tum.de/index.html</RepositoryURL>
    <Maintainer>Vincent Bode</Maintainer>
    <SystemDependencies>fc-list</SystemDependencies>
  </TestProfile>
  <TestSettings>
    <Default>
      <Arguments>--pts</Arguments>
      <PostArguments></PostArguments>
    </Default>
    <Option>
      <DisplayName>Target</DisplayName>
      <Identifier>target</Identifier>
      <ArgumentPrefix>--target </ArgumentPrefix>
      <ArgumentPostfix></ArgumentPostfix>
      <DefaultEntry></DefaultEntry>
      <Message>The Isabelle target to build. Suggested: Pure, HOL, HOL-Analysis</Message>
      <Menu>
        <Entry>
          <Name>HOL-Analysis</Name>
          <Value>HOL-Analysis</Value>
          <Message>The HOL-Analysis target</Message>
        </Entry>
      </Menu>
    </Option>
    <Option>
      <DisplayName>Threads</DisplayName>
      <Identifier>threads</Identifier>
      <ArgumentPrefix>--threads </ArgumentPrefix>
      <ArgumentPostfix></ArgumentPostfix>
      <DefaultEntry></DefaultEntry>
      <Message>How many threads to use for testing. Can use single-threaded, four-threaded, eight-threaded, or native threaded (not recommended for high thread count as wall clock execution time rises quickly with core counts >= 32.</Message>
      <Menu>
        <Entry>
          <Name>Single</Name>
          <Value>1</Value>
          <Message>Single-threaded analysis</Message>
        </Entry>
        <Entry>
          <Name>4</Name>
          <Value>4</Value>
          <Message>Four threads</Message>
        </Entry>
        <Entry>
          <Name>8</Name>
          <Value>8</Value>
          <Message>Eight threads</Message>
        </Entry>
        <Entry>
          <Name>16</Name>
          <Value>16</Value>
          <Message>Sixteen threads</Message>
        </Entry>
        <Entry>
          <Name>All</Name>
          <Value>all</Value>
          <Message>All threads (not recommended for core counts >= 32).</Message>
        </Entry>
      </Menu>
    </Option>
  </TestSettings>
</PhoronixTestSuite>
